<?xml version="1.0" encoding="UTF-8"?>
<testng-results skipped="0" failed="0" total="1" passed="1">
  <reporter-output>
  </reporter-output>
  <suite name="Suite" duration-ms="22822" started-at="2019-08-11T14:16:35Z" finished-at="2019-08-11T14:16:58Z">
    <groups>
    </groups>
    <test name="Test" duration-ms="22822" started-at="2019-08-11T14:16:35Z" finished-at="2019-08-11T14:16:58Z">
      <class name="TestDefinistionLayer.TestCase_AddProductInWishlist">
        <test-method status="PASS" signature="AddProductInWishlist()[pri:0, instance:TestDefinistionLayer.TestCase_AddProductInWishlist@754ba872]" name="AddProductInWishlist" duration-ms="22805" started-at="2019-08-12T00:16:35Z" finished-at="2019-08-12T00:16:58Z">
          <reporter-output>
          </reporter-output>
        </test-method> <!-- AddProductInWishlist -->
      </class> <!-- TestDefinistionLayer.TestCase_AddProductInWishlist -->
    </test> <!-- Test -->
  </suite> <!-- Suite -->
</testng-results>
